<?xml version="1.0" encoding="UTF-8"?>
<!-- Generated by org.testng.reporters.JUnitXMLReporter -->
<testsuite ignored="0" hostname="DESKTOP-2J2UDC6" failures="0" tests="5" name="Test" time="45.4" errors="0" timestamp="2025-07-31T15:49:30 IST">
  <testcase classname="AdvanceScenarios.HandlingDropDownUsingKeysTest" name="handlingDropDownUsingKeysTest" time="30.356"/>
  <testcase classname="practice.AbsoluteXpathTest" name="AbsoluteXpathTest" time="14.76"/>
  <testcase classname="Testng.DataProviderEx" name="bookingTickets" time="0.045"/>
  <testcase classname="Testng.DataProviderEx" name="bookingTickets" time="0.021"/>
  <testcase classname="Testng.DataProviderEx" name="bookingTickets" time="0.008"/>
</testsuite> <!-- Test -->
