<?xml version="1.0" encoding="UTF-8"?>
<testng-results ignored="0" total="1" passed="1" failed="0" skipped="0">
  <reporter-output>
  </reporter-output>
  <suite started-at="2025-08-01T13:54:48 IST" name="Default suite" finished-at="2025-08-01T13:55:28 IST" duration-ms="39544">
    <groups>
    </groups>
    <test started-at="2025-08-01T13:54:48 IST" name="Default test" finished-at="2025-08-01T13:55:28 IST" duration-ms="39544">
      <class name="Testng.TakeScreenshotEx2Test">
        <test-method signature="m1()[pri:0, instance:Testng.TakeScreenshotEx2Test@294425a7]" started-at="2025-08-01T13:54:48 IST" name="m1" finished-at="2025-08-01T13:55:28 IST" duration-ms="39383" status="PASS">
          <reporter-output>
          </reporter-output>
        </test-method> <!-- m1 -->
      </class> <!-- Testng.TakeScreenshotEx2Test -->
    </test> <!-- Default test -->
  </suite> <!-- Default suite -->
</testng-results>
